1536386128732	geckodriver	INFO	geckodriver 0.21.0
1536386128741	geckodriver	INFO	Listening on 127.0.0.1:55710
1536386129741	mozrunner::runner	INFO	Running command: "/Applications/Firefox.app/Contents/MacOS/firefox-bin" "-marionette" "-foreground" "-no-remote" "-profile" "/var/folders/3c/rfk4hv5s49bdvv0k1605607r0000gn/T/rust_mozprofile.T5LBqaBl26BV"
2018-09-08 01:55:31.048 plugin-container[19600:472116] *** CFMessagePort: bootstrap_register(): failed 1100 (0x44c) 'Permission denied', port = 0x7807, name = 'com.apple.tsm.portname'
See /usr/include/servers/bootstrap_defs.h for the error codes.
2018-09-08 01:55:31.493 plugin-container[19601:472143] *** CFMessagePort: bootstrap_register(): failed 1100 (0x44c) 'Permission denied', port = 0x7543, name = 'com.apple.tsm.portname'
See /usr/include/servers/bootstrap_defs.h for the error codes.
1536386131767	Marionette	INFO	Listening on port 55723
1536386131816	Marionette	WARN	TLS certificate errors will be ignored for this session
1536386131855	Marionette	DEBUG	[4294967297] Frame script loaded
1536386131893	Marionette	DEBUG	[4294967297] Frame script registered
1536386131952	Marionette	DEBUG	[4294967297] Received DOM event beforeunload for about:blank
2018-09-08 01:55:32.162 plugin-container[19602:472247] *** CFMessagePort: bootstrap_register(): failed 1100 (0x44c) 'Permission denied', port = 0x813f, name = 'com.apple.tsm.portname'
See /usr/include/servers/bootstrap_defs.h for the error codes.
1536386132273	Marionette	DEBUG	[4294967297] Received DOM event pagehide for about:blank
1536386133012	Marionette	DEBUG	[4294967297] Received DOM event DOMContentLoaded for https://tinder.com/app/recs
1536386137607	Marionette	DEBUG	[4294967297] Received DOM event pageshow for https://tinder.com/
JavaScript warning: https://www.googletagmanager.com/gtag/js?id=AW-856138155, line 71: unreachable code after return statement
JavaScript warning: https://www.googletagmanager.com/gtag/js?id=AW-856138155, line 71: unreachable code after return statement
2018-09-08 01:56:08.739 plugin-container[19607:472808] *** CFMessagePort: bootstrap_register(): failed 1100 (0x44c) 'Permission denied', port = 0x8c37, name = 'com.apple.tsm.portname'
See /usr/include/servers/bootstrap_defs.h for the error codes.
1536386172694	Marionette	INFO	Stopped listening on port 55723
